<?xml version="1.0" encoding="UTF-8"?>
<testng-results total="1" passed="1" failed="0" skipped="0">
  <reporter-output>
  </reporter-output>
  <suite started-at="2020-04-01T19:16:47Z" name="Default suite" finished-at="2020-04-01T19:16:47Z" duration-ms="54">
    <groups>
    </groups>
    <test started-at="2020-04-01T19:16:47Z" name="Default test" finished-at="2020-04-01T19:16:47Z" duration-ms="54">
      <class name="QuickStart.QuickStart.TestNGTest">
        <test-method signature="add()[pri:0, instance:QuickStart.QuickStart.TestNGTest@2362f559]" started-at="2020-04-01T12:16:47Z" name="add" finished-at="2020-04-01T12:16:47Z" duration-ms="23" status="PASS">
          <reporter-output>
          </reporter-output>
        </test-method> <!-- add -->
      </class> <!-- QuickStart.QuickStart.TestNGTest -->
    </test> <!-- Default test -->
  </suite> <!-- Default suite -->
</testng-results>
